5.7512492306386118e+00  

1.4608786429890400e-01 
8.3007540226030282e-02 
2.8342662560147101e-03 
8.9186257425926757e-02 
9.1587924308202812e-02 
9.1457582366621798e-02 
4.1430990836948456e-02 
9.2433211088929157e-02 
1.1960208342251299e-01 
1.6630617359010089e-01 
8.3893192123559987e-02 
1.3666632526201555e-01 
1.7938918015013815e-02 
5.1147211711378732e-02 
1.2958889036092184e-02 
1.1118599106094756e-01 
9.9685930030879527e-02 
1.5136535212088381e-01 
6.2437803388616119e-02 
1.0032100669186549e-01 
1.7029937149811672e-01 
1.1296797618208229e-01 
3.8888318742652875e-02 
1.6419356182598493e-01 
1.1744856697763191e-01 
1.1718088876181111e-01 
1.6012423042277807e-01 
1.9348080308087295e-02 
1.7115641549416272e-01 
2.1063799703880611e-02 
5.1691109268885316e-02 
8.0619380660369444e-02 
1.4573070461429566e-01 
1.5796301256059256e-01 
2.6295154159392462e-02 
1.0146844184222602e-01 
9.6946000833506463e-02 
1.5606353163812475e-01 
8.5481359052203762e-03 
5.2469140098091907e-02 
2.0710505868749937e-02 
1.0601681309339871e-01 
8.3761515927098101e-02 
4.4767473982158149e-02 
1.3601606194826019e-01 
9.6569930095966997e-02 
1.1927606282915026e-01 
9.0156912751422541e-02 
3.2621853900901270e-02 
3.1499454469787115e-02 
1.4413517373872453e-01 
4.0533608767070795e-02 
1.1427098404272755e-01 
4.5691738385219199e-02 
1.0378597471997861e-01 
1.9586690810938938e-02 
4.2952848884849917e-02 
1.0210519678679541e-02 
7.6255050029054985e-02 
1.6515026354486589e-01 
1.3242556773266551e-01 
1.1369354583235015e-01 
1.1763600165236916e-01 
1.0457323618986088e-01 
2.7009154842571683e-02 
1.5052017116400171e-01 
2.2024648470564449e-02 
1.0679883284189419e-01 
6.0363155503546243e-03 
1.2167568011326778e-01 
1.5721578035647624e-01 
4.2451405392258015e-02 
1.0206673042666486e-01 
4.5932956105827927e-02 
1.1821844742762412e-01 
2.8128629584396013e-03 
1.2733869731648140e-02 
7.6357853076203181e-03 
3.3207315615233719e-02 
1.5083141665975980e-01 
1.6762292243806872e-02 
3.0132693451156666e-02 
1.1371940393322316e-01 
1.0127358508626903e-01 
6.9428376588561450e-02 
1.4637627572956466e-02 
1.6133291102178637e-01 
1.6023492831734840e-01 
1.4766732841062161e-01 
1.3144022588744236e-01 
5.4421141143460666e-02 
3.8585971437146233e-02 
1.1719124630092914e-01 
4.9430874861387850e-02 
5.6633165219492014e-02 
1.0426333936110629e-01 
4.2785696762735956e-02 
5.0975269015896434e-02 
1.6687094532596136e-01 
1.5515304012337677e-01 
============================================================
7.5652365826849950e+00  0.0000000000000000e+00  
0.0000000000000000e+00  2.8897419274951930e+00  

1.1563384559288750e-01 -1.0732222245899803e-01 
1.0331619202009397e-01 3.8643527560664963e-02 
2.4101734415309443e-02 5.5813662089912661e-02 
1.2619276735186488e-01 8.1743403989244817e-02 
1.2106132291494165e-01 6.1352274743088103e-02 
5.7446051839693563e-02 -1.0677567779201136e-01 
1.1259340991980504e-01 1.8092641875699478e-01 
5.3627130047015976e-02 -1.1965298274616182e-01 
8.0089427114039574e-02 -1.2648242866719173e-01 
1.4461614436264048e-01 -8.7798718924556957e-02 
6.5414388061640655e-02 -6.4253941276291679e-02 
1.0246260348963235e-01 -1.1553471165182565e-01 
2.1414338151788136e-02 5.9316938681205286e-03 
4.9236464050638529e-02 -1.4394642361117640e-02 
9.5291321338317150e-02 2.1570806359144123e-01 
1.3071184153998144e-01 3.1427948343650043e-02 
1.2410794776845950e-01 4.6494969727385906e-02 
8.8561693603357250e-02 -1.9396937860739741e-01 
8.5096606462881447e-02 4.8622040451232758e-02 
1.3579075184009595e-01 7.5641054377328515e-02 
1.6119386061679145e-01 -5.5194966686420655e-02 
8.4128496895597538e-02 -9.7001883978043407e-02 
8.1530164235872365e-02 1.0584833502616856e-01 
1.3067656368049926e-01 -1.1873914079853662e-01 
1.0837880613289889e-01 -4.5455724627831054e-02 
1.2260802109511781e-01 -7.0091372692744278e-03 
1.5020490295289257e-01 -5.5493687968185476e-02 
4.4061531068016059e-02 6.1927447170840429e-02 
9.2874062598001267e-02 -2.3857920218846040e-01 
7.5112790532846641e-02 1.3931503002243018e-01 
1.1203582516458011e-01 1.5040137180680371e-01 
1.2247420121004392e-01 9.6148401958364785e-02 
1.4609251216593624e-01 -2.5635551909368559e-02 
1.4321383371391133e-01 -6.7892062132303740e-02 
2.0958327519849006e-02 -1.8934093192645558e-02 
7.9529307318909698e-02 -7.6626518806092073e-02 
9.2020043219611353e-02 -3.0738645974179114e-02 
9.7025251525308137e-02 -1.8485342161650534e-01 
4.6353155683035462e-02 9.8573765001966782e-02 
8.9429492341708425e-02 8.8321520112113736e-02 
6.5987497141783064e-02 1.1614521576753088e-01 
1.0617456615815854e-01 -1.8928784639460846e-02 
6.6241363277633664e-02 -6.1690744153457100e-02 
9.6521540151313145e-02 1.2891089432854208e-01 
1.4039485131904908e-01 -1.3223032521463805e-02 
5.3568545235390702e-02 -1.3151992635325099e-01 
1.3973675440646693e-01 3.2427722457079970e-02 
8.5980703950770634e-02 -2.7513879636454342e-02 
7.5152368607349973e-02 1.0669699897464269e-01 
4.8750264805169058e-02 3.9943784628068142e-02 
1.4071406384549215e-01 -3.5364155419699936e-02 
1.0801426318078738e-01 1.7133833469907406e-01 
1.5426880300640844e-01 8.5088826180328203e-02 
8.0864298108835692e-02 8.4822999839547150e-02 
1.1610538028991711e-01 1.3690729909781693e-02 
5.6103866647462225e-02 9.3148283057128620e-02 
6.1021092900661753e-02 4.0018822645998160e-02 
1.2421021341132580e-02 3.9916474639934800e-03 
1.2026726590334284e-01 1.0265909883215209e-01 
1.3261097941363398e-01 -1.1632406693383138e-01 
1.6113025361781852e-01 5.1863881724952932e-02 
1.4663652546910613e-01 6.6508136050584823e-02 
1.1901648738532129e-01 -1.7810491430564433e-02 
1.2815401260410453e-01 4.3374917598559978e-02 
4.1818979973223855e-02 3.4297796103352526e-02 
1.3929172894518221e-01 -5.7208513942302794e-02 
3.3052733657113240e-02 2.5190753255506498e-02 
6.4300648607965208e-02 -1.3205374045877719e-01 
4.3391088776978615e-02 9.7839575565034587e-02 
9.6230526247700815e-02 -8.9600413936021278e-02 
1.1408274369552877e-01 -1.4293567180323405e-01 
3.5605902004530662e-02 -2.5878402049716524e-02 
7.0874375073121151e-02 -1.0124458865437679e-01 
8.3708578555172608e-02 9.1673680594118678e-02 
1.2386534527194509e-01 -6.6163874204880346e-03 
8.0050568970806174e-02 2.0406523720988493e-01 
5.4681928306480741e-02 1.0878354070589542e-01 
6.3459403966811250e-03 -4.8098228216942561e-03 
6.2895773693087256e-02 7.2575565340686043e-02 
9.6985769018118978e-02 -1.7014497124248637e-01 
8.2251654216537906e-02 1.7040196452829887e-01 
1.0342561682004367e-01 1.8863124408463725e-01 
9.1591124662289525e-02 -7.9363137715886573e-02 
7.4350632429222935e-02 -8.9791536891766915e-02 
5.7197696988433383e-02 -4.5064980466538819e-02 
8.0416022633300874e-02 1.7155524519405482e-01 
9.7407264479950018e-02 -1.9876011788683040e-01 
1.0723945253506792e-01 -1.6960914435924512e-01 
1.5710165825576272e-01 -1.9586829709352799e-03 
1.2679298635982655e-01 -3.6295134723961994e-02 
3.9234901087192915e-02 -5.0154720602862565e-02 
6.7965856078168546e-02 7.0776719368293550e-02 
1.2184415724511241e-01 -9.0616978936986503e-03 
3.3858487602621848e-02 -5.0266848299712563e-02 
1.1140989845868646e-01 1.3475166790781423e-01 
6.2713970963405974e-02 -1.2907793081724053e-01 
7.6723061449480018e-02 8.2081667168808548e-02 
4.4712640489668769e-02 -2.5890037608013394e-02 
1.6224360874043256e-01 -4.2708041369946742e-02 
1.5003981416678050e-01 -4.1856652507333197e-02 
============================================================
9.2237749540535656e+00  0.0000000000000000e+00  
0.0000000000000000e+00  2.9071293999902448e+00  

1.1265276573148297e-01 -1.1044727272860125e-01 
1.0433527390483213e-01 3.5800954946320324e-02 
2.5620500301775706e-02 5.5133006828938479e-02 
1.2838305751985499e-01 7.8258476662431853e-02 
1.2269536595042951e-01 5.8015452220570786e-02 
5.4501736514478462e-02 -1.0830814815524525e-01 
1.1750375007401835e-01 1.7777658361028129e-01 
5.0331752999546384e-02 -1.2107609176516029e-01 
7.6597190608039184e-02 -1.2862733569487483e-01 
1.4215862467589585e-01 -9.1724422513130094e-02 
6.3631041843716679e-02 -6.6020463864617254e-02 
9.9261657187812227e-02 -1.1829614584876957e-01 
2.1568683164392737e-02 5.3432927281095973e-03 
4.8823987305115495e-02 -1.5737006848324867e-02 
1.0116022893179484e-01 2.1301880833212483e-01 
1.3152314452990618e-01 2.7838173590050128e-02 
1.2533415756471145e-01 4.3080318670981159e-02 
8.3218950265246713e-02 -1.9632091006305266e-01 
8.6395659097335126e-02 4.6274456650261024e-02 
1.3781040480530668e-01 7.1895686379712664e-02 
1.5962259724173378e-01 -5.9586672149600006e-02 
8.1441723018329956e-02 -9.9268399992182732e-02 
8.4397018690976100e-02 1.0357693249085617e-01 
1.2737732976595900e-01 -1.2227167993698468e-01 
1.0709392736627021e-01 -4.8405363767889724e-02 
1.2237021561285873e-01 -1.0362681746674353e-02 
1.4862958036134677e-01 -5.9584478826353558e-02 
4.5740171421221831e-02 6.0698137957537208e-02 
8.6308590806774971e-02 -2.4103206088254819e-01 
7.8898139401922543e-02 1.3720675089330234e-01 
1.1611080677940758e-01 1.4727823773630591e-01 
1.2506019532385929e-01 9.2759865818918555e-02 
1.4533604255733418e-01 -2.9624961880564758e-02 
1.4130174790987521e-01 -7.1786839359499005e-02 
2.0432187847254677e-02 -1.9500694275628897e-02 
7.7401995281551644e-02 -7.8774775362425664e-02 
9.1144147516916518e-02 -3.3246008540569520e-02 
9.1928869453052814e-02 -1.8744004342178960e-01 
4.9034063427537619e-02 9.7267994799023760e-02 
9.1813622210430129e-02 8.5840455450857250e-02 
6.9142034002678626e-02 1.1429540698862561e-01 
1.0561663994512373e-01 -2.1828026789024433e-02 
6.4527870024547629e-02 -6.3480864149614596e-02 
1.0001407259340798e-01 1.2622048832517890e-01 
1.3998028678750452e-01 -1.7061130585326878e-02 
4.9948354207537439e-02 -1.3293698499123202e-01 
1.4057204261344219e-01 2.8590532546478725e-02 
8.5195343378330443e-02 -2.9857134677790692e-02 
7.8044843549268314e-02 1.0459985895239124e-01 
4.9825385558276217e-02 3.8594367503001235e-02 
1.3969330685154507e-01 -3.9202694720414336e-02 
1.1266386290256672e-01 1.6831743814534481e-01 
1.5654014747598638e-01 8.0834115013233093e-02 
8.3155871878991955e-02 8.2577702695456126e-02 
1.1643663255087430e-01 1.0507426799247446e-02 
5.8632607977808143e-02 9.1577637941846105e-02 
6.2093669612138816e-02 3.8333485868905740e-02 
1.2525631058481913e-02 3.6501489312725181e-03 
1.2303230544001498e-01 9.9328533861171048e-02 
1.2937712888473643e-01 -1.1991046213993195e-01 
1.6248955475093185e-01 4.7433800768717095e-02 
1.4840211737543721e-01 6.2469307032028708e-02 
1.1848436034086068e-01 -2.1061676788794274e-02 
1.2929330054153404e-01 3.9850682030442286e-02 
4.2742149350561302e-02 3.3140225896067063e-02 
1.3767355545720097e-01 -6.0999933998306770e-02 
3.3729899199057362e-02 2.4276555600193938e-02 
6.0661823906427027e-02 -1.3376437082012813e-01 
4.6053009357609170e-02 9.6615161652329279e-02 
9.3741819291771181e-02 -9.2200974372751154e-02 
1.1012739184805015e-01 -1.4600491857361370e-01 
3.4884185870710245e-02 -2.6843351622715693e-02 
6.8076431421037600e-02 -1.0314670745484891e-01 
8.6186611417460715e-02 8.9347959404653593e-02 
1.2363781946136454e-01 -1.0004496023048516e-02 
8.5606486378845811e-02 2.0179753249221088e-01 
5.7639189114865083e-02 1.0724595978407359e-01 
6.2119023484901465e-03 -4.9817290479453932e-03 
6.4858829372236665e-02 7.0826713078014067e-02 
9.2292018737738457e-02 -1.7273602377169445e-01 
8.6885276164055905e-02 1.6808662327013499e-01 
1.0855029782702902e-01 1.8572947343162258e-01 
8.9384382923642924e-02 -8.1840539064533341e-02 
7.1864892568166500e-02 -9.1793103532764639e-02 
5.5942692489472805e-02 -4.6613776528602054e-02 
8.5081901374932670e-02 1.6928971884960425e-01 
9.1930068820316457e-02 -2.0135198554408534e-01 
1.0255652732315654e-01 -1.7248107355217557e-01 
1.5698917444335136e-01 -6.2583203246633634e-03 
1.2575196195040286e-01 -3.9752261071518247e-02 
3.7847305176444454e-02 -5.1209910690745201e-02 
6.9877771791492099e-02 6.8889756905019278e-02 
1.2155045289182081e-01 -1.2393563865232285e-02 
3.2469837026624891e-02 -5.1174826860358145e-02 
1.1505673252267073e-01 1.3165153162694040e-01 
5.9157198175033447e-02 -1.3074624385480099e-01 
7.8941148024540830e-02 7.9950756043700333e-02 
4.3987193416860644e-02 -2.7104263174091398e-02 
1.6101375880971749e-01 -4.7133160818491407e-02 
1.4883784240501521e-01 -4.5948034370814225e-02 
============================================================
1.0368503130137581e+01  0.0000000000000000e+00  
0.0000000000000000e+00  2.9083382721263615e+00  

1.1315500311825225e-01 -1.0993266552506914e-01 
1.0417101299954290e-01 3.6276132739224892e-02 
2.5368943483727556e-02 5.5249209806408114e-02 
1.2802502971692953e-01 7.8842820812361172e-02 
1.2242966289317841e-01 5.8574082715223415e-02 
5.4994828017780342e-02 -1.0805860970421073e-01 
1.1669224177182884e-01 1.7831030725077485e-01 
5.0883082818304684e-02 -1.2084542705472312e-01 
7.7182665409518791e-02 -1.2827687732903609e-01 
1.4257521871207010e-01 -9.1075525056487069e-02 
6.3931295513620465e-02 -6.5729754213492891e-02 
9.9799808044688992e-02 -1.1784249244049171e-01 
2.1544104934559893e-02 5.4415451108025849e-03 
4.8895207848656350e-02 -1.5514308568253933e-02 
1.0018825988443425e-01 2.1347767377901777e-01 
1.3139489477190164e-01 2.8437353669869624e-02 
1.2513649993169929e-01 4.3651131647335611e-02 
8.4112896776942059e-02 -1.9593956723190520e-01 
8.6183847370163158e-02 4.6667758695016125e-02 
1.3748128003501314e-01 7.2523065520886443e-02 
1.5989252924631198e-01 -5.8858509489095441e-02 
8.1893332427106891e-02 -9.8896165695064847e-02 
8.3924048812219765e-02 1.0396052971731384e-01 
1.2793330866142721e-01 -1.2168983683060092e-01 
1.0731344172352345e-01 -4.7916737636087323e-02 
1.2241617657898758e-01 -9.8048229919014546e-03 
1.4889961655648734e-01 -5.8906421252094769e-02 
4.5463040307549385e-02 6.0905986562480995e-02 
8.7406294146585350e-02 -2.4063617135397647e-01 
7.8271945317262781e-02 1.3756493545970697e-01 
1.1543832133408158e-01 1.4780592927635239e-01 
1.2463610616557211e-01 9.3328914067773494e-02 
1.4546956050335852e-01 -2.8962227117607528e-02 
1.4162747735123812e-01 -7.1142054558024720e-02 
2.0520857812399977e-02 -1.9407363862727726e-02 
7.7760238775640686e-02 -7.8421166610305626e-02 
9.1294732735031428e-02 -3.2830237362898217e-02 
9.2782247396947834e-02 -1.8701909390447372e-01 
4.8590216375998113e-02 9.7490476770669132e-02 
9.1421416368869579e-02 8.6258041042676023e-02 
6.8620368854728692e-02 1.1460936219595724e-01 
1.0571503282292107e-01 -2.1346410050614977e-02 
6.4816539139196702e-02 -6.3186093225516937e-02 
9.9437733449694310e-02 1.2667503130512200e-01 
1.4005659568793002e-01 -1.6422937321602500e-02 
5.0553748765178715e-02 -1.3270794457148319e-01 
1.4044026968570092e-01 2.9230948777182381e-02 
8.5330544242661649e-02 -2.9468512751248985e-02 
7.7567277256554990e-02 1.0495449297907467e-01 
4.9648958769269051e-02 3.8821065700403168e-02 
1.3987053775161426e-01 -3.8565579491771987e-02 
1.1189551870570422e-01 1.6882920032246115e-01 
1.5617008769745122e-01 8.1546769588663359e-02 
8.2778627266237442e-02 8.2955861024594249e-02 
1.1638753129855321e-01 1.1038024096601651e-02 
5.8214597296817036e-02 9.1843928219869836e-02 
6.1918304461275789e-02 3.8616104378922031e-02 
1.2508863940186412e-02 3.7072015806509191e-03 
1.2257829801879688e-01 9.9888270961659725e-02 
1.2992232481489666e-01 -1.1931952867725480e-01 
1.6227166844171048e-01 4.8173919081449024e-02 
1.4811584707351180e-01 6.3145060046459506e-02 
1.1857912661198887e-01 -2.0521418237452949e-02 
1.2911032214224991e-01 4.0439573928755836e-02 
4.2590655565062752e-02 3.3334696070104357e-02 
1.3795015695767995e-01 -6.0371798179085473e-02 
3.3618898742544638e-02 2.4430040915365003e-02 
6.1270878321547630e-02 -1.3348649089052123e-01 
4.5612168818817120e-02 9.6824063061005036e-02 
9.4161088322069458e-02 -9.1772750887282595e-02 
1.1079172363412806e-01 -1.4550145242271822e-01 
3.5006172811413522e-02 -2.6684074188557977e-02 
6.8545856593496976e-02 -1.0283535052530896e-01 
8.5778477175556311e-02 8.9739861214749819e-02 
1.2368213468609809e-01 -9.4408633782115392e-03 
8.4685824337318791e-02 2.0218562210598751e-01 
5.7149774120319199e-02 1.0750755940780538e-01 
6.2345440428637211e-03 -4.9533640762529033e-03 
6.4535334642764203e-02 7.1121597391500396e-02 
9.3078373469274236e-02 -1.7231357179124560e-01 
8.6118251767456439e-02 1.6848089164346658e-01 
1.0770263405622421e-01 1.8622230552991106e-01 
8.9756475395452937e-02 -8.1432283951755197e-02 
7.2282529805959159e-02 -9.1464597112006038e-02 
5.6154572294613993e-02 -4.6358311181913622e-02 
8.4309412122039393e-02 1.6967575512543900e-01 
9.2846855982405621e-02 -2.0093088605298115e-01 
1.0334161339698486e-01 -1.7201183962391792e-01 
1.5701606854690084e-01 -5.5427144763226799e-03 
1.2593184253114292e-01 -3.9178683379934229e-02 
3.8080321659861069e-02 -5.1036874555114894e-02 
6.9563053379975981e-02 6.9207537172125369e-02 
1.2160567892914965e-01 -1.1839420411021276e-02 
3.2702749458727039e-02 -5.1026301047233880e-02 
1.1445548297845934e-01 1.3217458112163732e-01 
5.9752511900467382e-02 -1.3047525320781625e-01 
7.8575920549479733e-02 8.0309731372938842e-02 
4.4110275010671121e-02 -2.6903492438448907e-02 
1.6122691451388163e-01 -4.6398786741779670e-02 
1.4904572289683846e-01 -4.5269169204664117e-02 
============================================================
1.1423880340407777e+01  0.0000000000000000e+00  
0.0000000000000000e+00  2.9100467640058474e+00  

1.1363203865435909e-01 -1.0943950599026225e-01 
1.0401226011461466e-01 3.6728837467506922e-02 
2.5128420470867805e-02 5.5359018798677578e-02 
1.2768092541530576e-01 7.9398865941283508e-02 
1.2217376181998757e-01 5.9105984847730025e-02 
5.5464263177182983e-02 -1.0781841099795697e-01 
1.1591565284690428e-01 1.7881612451531506e-01 
5.1408167722431120e-02 -1.2062298971819284e-01 
7.7739821543765492e-02 -1.2793999079001764e-01 
1.4296996484882302e-01 -9.0454593063236624e-02 
6.4216554688114297e-02 -6.5451090434036935e-02 
1.0031137033438518e-01 -1.1740734087774046e-01 
2.1520235484837738e-02 5.5351906291796439e-03 
4.8962218362184236e-02 -1.5301512799984573e-02 
9.9258881442144009e-02 2.1391138136066082e-01 
1.3126997588020636e-01 2.9008531301573943e-02 
1.2494547432892322e-01 4.4194947154279865e-02 
8.4964257647807295e-02 -1.9557190067489716e-01 
8.5980070608986908e-02 4.7042137570623407e-02 
1.3716457140808927e-01 7.3120296382383959e-02 
1.6014699731298554e-01 -5.8162567856786258e-02 
8.2322665021289237e-02 -9.8539069962096548e-02 
8.3471122725019359e-02 1.0432453872011656e-01 
1.2846133728334219e-01 -1.2113229410976116e-01 
1.0752082043240178e-01 -4.7449570006238229e-02 
1.2245766078910347e-01 -9.2723328338265992e-03 
1.4915439695820334e-01 -5.8258288195182237e-02 
4.5197725499011562e-02 6.1103132840067839e-02 
8.8452012863220436e-02 -2.4025375884839850e-01 
7.7672924520906406e-02 1.3790404522040495e-01 
1.1479441016971867e-01 1.4830658163231716e-01 
1.2422903277267207e-01 9.3870083506684798e-02 
1.4559414372509641e-01 -2.8329294830760212e-02 
1.4193554024432500e-01 -7.0525432881791209e-02 
2.0605067869087203e-02 -1.9317933522179784e-02 
7.8100563101177328e-02 -7.8082239659508890e-02 
9.1436650579463638e-02 -3.2432879016117751e-02 
9.3594730450071995e-02 -1.8661380803374966e-01 
4.8165763212080721e-02 9.7700877389286872e-02 
9.1045408870968084e-02 8.6654824094959906e-02 
6.8121274901715198e-02 1.1490671360059029e-01 
1.0580687023629086e-01 -2.0886445307925931e-02 
6.5090727363089754e-02 -6.2903603509104761e-02 
9.8885873518926803e-02 1.2710629570625095e-01 
1.4012669575931413e-01 -1.5813665025483710e-02 
5.1130427791151060e-02 -1.3248682734707837e-01 
1.4031181384277161e-01 2.9841457939552389e-02 
8.5457898091458859e-02 -2.9097124914829568e-02 
7.7110088463943863e-02 1.0529084648996159e-01 
4.9479653404269811e-02 3.9036625724836009e-02 
1.4003693964798899e-01 -3.7956906966814571e-02 
1.1116020921293222e-01 1.6931424593245972e-01 
1.5581395753747238e-01 8.2225194182117406e-02 
8.2417062942228780e-02 8.3315087147473876e-02 
1.1633842536733750e-01 1.1544098092848384e-02 
5.7814610389296833e-02 9.2096239417367040e-02 
6.1749774454272668e-02 3.8885026676209217e-02 
1.2492622733595665e-02 3.7615685384856865e-03 
1.2214271693612094e-01 1.0042042879990892e-01 
1.3044002597242399e-01 -1.1875335798781900e-01 
1.6206062168840651e-01 4.8879195538486624e-02 
1.4783982354447212e-01 6.3788630153925219e-02 
1.1866725441271850e-01 -2.0005514356939015e-02 
1.2893322627111806e-01 4.1000702268809107e-02 
4.2445277598780182e-02 3.3519610873495101e-02 
1.3821141394924821e-01 -5.9771271311344264e-02 
3.3512332659485999e-02 2.4576021067451617e-02 
6.1850841950831043e-02 -1.3321875667687499e-01 
4.5190642103961537e-02 9.7021518222657241e-02 
9.4559324614032464e-02 -9.1362369102129942e-02 
1.1142347292888169e-01 -1.4501823458933816e-01 
3.5121892853062990e-02 -2.6531577273524017e-02 
6.8992447238375068e-02 -1.0253626674430590e-01 
8.5387380338982855e-02 9.0112069758972249e-02 
1.2372202403514845e-01 -8.9028709123695343e-03 
8.3805702513046088e-02 2.0255201518713958e-01 
5.6681674938200290e-02 1.0775509147147760e-01 
6.2560276449483941e-03 -4.9262027160848487e-03 
6.4225410979631206e-02 7.1401593942080205e-02 
9.3826898267474867e-02 -1.7190713711957212e-01 
8.5384700878982464e-02 1.6885383321757083e-01 
1.0689172025538221e-01 1.8668895146839731e-01 
9.0109781851677548e-02 -8.1041155961998221e-02 
7.2679632824989210e-02 -9.1149369786278328e-02 
5.6355657110022273e-02 -4.6113652175117995e-02 
8.3570681786466011e-02 1.7004081861569903e-01 
9.3719841885805760e-02 -2.0052518762677479e-01 
1.0408872887627145e-01 -1.7156077218064275e-01 
1.5703868929611603e-01 -4.8597870168382643e-03 
1.2610104268597347e-01 -3.8630625521521245e-02 
3.8301924842943501e-02 -5.0870777617395682e-02 
6.9261406564396277e-02 6.9509417762616196e-02 
1.2165601942609285e-01 -1.1310435928224012e-02 
3.2924357514021639e-02 -5.0883591687420224e-02 
1.1387956305259639e-01 1.3267110686755576e-01 
6.0319393783516362e-02 -1.3021415096543212e-01 
7.8225904194408669e-02 8.0650704624069758e-02 
4.4226863219218066e-02 -2.6711399002884346e-02 
1.6142718166186498e-01 -4.5697159599726672e-02 
1.4924119245164622e-01 -4.4620529691301904e-02 
============================================================
1.2161405964651214e+01  0.0000000000000000e+00  
0.0000000000000000e+00  2.9260550753714312e+00  

1.1255672257879776e-01 -1.1054514861565826e-01 
1.0436635262625038e-01 3.5710253364516525e-02 
2.5668412147382816e-02 5.5110716703243454e-02 
1.2845103116902340e-01 7.8146856746035331e-02 
1.2274574654276452e-01 5.7908783683708658e-02 
5.4407574652275123e-02 -1.0835548006616601e-01 
1.1765822881673195e-01 1.7767438237773683e-01 
5.0226494835829603e-02 -1.2111979430976280e-01 
7.6485358992988528e-02 -1.2869386526451049e-01 
1.4207884424958450e-01 -9.1847951919526993e-02 
6.3573632922337822e-02 -6.6075746927839574e-02 
9.9158796865344373e-02 -1.1838237924016180e-01 
2.1573319398489985e-02 5.3245432437875181e-03 
4.8810290279817183e-02 -1.5779438637489221e-02 
1.0134534633526585e-01 2.1293079954989297e-01 
1.3154729174384730e-01 2.7723843361328639e-02 
1.2537155556537094e-01 4.2971362142342116e-02 
8.3048276999198090e-02 -1.9639316968443501e-01 
8.6435848146896949e-02 4.6199344197362852e-02 
1.3787284436584349e-01 7.1775874631274217e-02 
1.5957074430101012e-01 -5.9725393353935501e-02 
8.1355408314515459e-02 -9.9339151512285576e-02 
8.4487015718451797e-02 1.0350353560690778e-01 
1.2727100329466101e-01 -1.2238234992550467e-01 
1.0705181304427483e-01 -4.8498431357800867e-02 
1.2236116216027280e-01 -1.0469041833320543e-02 
1.4857773347970180e-01 -5.9713644918334294e-02 
4.5792912869887750e-02 6.0658357742736868e-02 
8.6099053510818410e-02 -2.4110698912491313e-01 
7.9017369492492953e-02 1.3713812092291758e-01 
1.1623877693348714e-01 1.4717725876875065e-01 
1.2514077481316077e-01 9.2651128651233414e-02 
1.4531023768538898e-01 -2.9751276551904803e-02 
1.4123929752353495e-01 -7.1909631501425583e-02 
2.0415230155783927e-02 -1.9518446535096434e-02 
7.7333495130426491e-02 -7.8842023298988650e-02 
9.1115215707996647e-02 -3.3325218333122776e-02 
9.1765912132284605e-02 -1.8751987704616443e-01 
4.9118590094642950e-02 9.7225337724037450e-02 
9.1888199917990271e-02 8.5760618766667324e-02 
6.9241353274142270e-02 1.1423526566471742e-01 
1.0559762716116454e-01 -2.1919820362675466e-02 
6.4472668180513559e-02 -6.3536927693839063e-02 
1.0012374546502487e-01 1.2613350856858388e-01 
1.3996540440134317e-01 -1.7182794788103022e-02 
4.9832786718696891e-02 -1.3298034980571205e-01 
1.4059684035836989e-01 2.8468336745404055e-02 
8.5169359420482801e-02 -2.9931175059191770e-02 
7.8135732102387653e-02 1.0453198298278771e-01 
4.9858912900822283e-02 3.8551044776190119e-02 
1.3965917916066509e-01 -3.9324101116633092e-02 
1.1281012159902895e-01 1.6821944730842694e-01 
1.5661034922957903e-01 8.0698020025062933e-02 
8.3227616877420696e-02 8.2505392546910181e-02 
1.1644572160562203e-01 1.0406216290027755e-02 
5.8712184969699752e-02 9.1526639976407656e-02 
6.2126965562392486e-02 3.8279499667215430e-02 
1.2528799030663442e-02 3.6392602933732836e-03 
1.2311859517140905e-01 9.9221556850886183e-02 
1.2927285402484678e-01 -1.2002287124269442e-01 
1.6253072275589875e-01 4.7292547182062411e-02 
1.4845635954064712e-01 6.2340292544333049e-02 
1.1846600880630986e-01 -2.1164655254500880e-02 
1.2932788985146787e-01 3.9738285440887519e-02 
4.2770938637415344e-02 3.3103061967475055e-02 
1.3762048240279265e-01 -6.1119576595779948e-02 
3.3750987601874088e-02 2.4247228453702072e-02 
6.0545533208064474e-02 -1.3381704745326833e-01 
4.6136969709260491e-02 9.6575095951516074e-02 
9.3661642936919698e-02 -9.2282419787155345e-02 
1.1000044299884007e-01 -1.4610058597760819e-01 
3.4860840493601712e-02 -2.6873662762687801e-02 
6.7986750747185076e-02 -1.0320584041922991e-01 
8.6264239967625361e-02 8.9273012384527187e-02 
1.2362907686441157e-01 -1.0111958044295030e-02 
8.5781856142274265e-02 2.0172304723769810e-01 
5.7732385363011840e-02 1.0719581937801029e-01 
6.2075698907809954e-03 -4.9871265419467277e-03 
6.4920367340520799e-02 7.0770311129343483e-02 
9.2141841990811324e-02 -1.7281617859935108e-01 
8.7031343974526928e-02 1.6801103922792729e-01 
1.0871169259140601e-01 1.8563505152162441e-01 
8.9313213489090437e-02 -8.1918200915706132e-02 
7.1785078998090654e-02 -9.1855533710543780e-02 
5.5902154734855179e-02 -4.6662384221452691e-02 
8.5229015595441410e-02 1.6921570184348683e-01 
9.1755019260629261e-02 -2.0143181495566986e-01 
1.0240656830111453e-01 -1.7257015037104625e-01 
1.5698367541791611e-01 -6.3947727069433025e-03 
1.2571736184369023e-01 -3.9861549464821025e-02 
3.7802779304745557e-02 -5.1242788164869796e-02 
6.9937624264561016e-02 6.8828993231091137e-02 
1.2153963450932240e-01 -1.2499210648223812e-02 
3.2425343681091776e-02 -5.1203030260779450e-02 
1.1517112036627217e-01 1.3155147476212622e-01 
5.9043531396314276e-02 -1.3079761380970112e-01 
7.9010611277148340e-02 7.9882110318913790e-02 
4.3963617817148470e-02 -2.7142486535511458e-02 
1.6097272991616776e-01 -4.7273095922650936e-02 
1.4879784822102091e-01 -4.6077386635047915e-02 
============================================================
1.2978476000113041e+01  0.0000000000000000e+00  
0.0000000000000000e+00  2.9359490162469517e+00  

1.1174516174598187e-01 -1.1136545472678121e-01 
1.0462475307742036e-01 3.4945941099841851e-02 
2.6070816696061188e-02 5.4921498472942649e-02 
1.2901917745154556e-01 7.7205249027494066e-02 
1.2316601999320320e-01 5.7009446946107226e-02 
5.3613584948374905e-02 -1.0875052987868873e-01 
1.1895462866349643e-01 1.7680905316507511e-01 
4.9339256143285971e-02 -1.2148392140674452e-01 
7.5542019579428188e-02 -1.2924985251391041e-01 
1.4140324888054531e-01 -9.2884689056571546e-02 
6.3088640729093731e-02 -6.6538970130077826e-02 
9.8290271293402329e-02 -1.1910448051779364e-01 
2.1611687138515516e-02 5.1666091057046776e-03 
4.8693570574083654e-02 -1.6136025088634348e-02 
1.0290005525044024e-01 2.1218384304708029e-01 
1.3174655087635437e-01 2.6760937727376546e-02 
1.2568250339324696e-01 4.2053219259120568e-02 
8.1609595346826450e-02 -1.9699534857087883e-01 
8.6771447599485671e-02 4.5565898769030597e-02 
1.3839413994451411e-01 7.0765524244724820e-02 
1.5912963206195671e-01 -6.0890929110064884e-02 
8.0626645066643007e-02 -9.9931544521737109e-02 
8.5241801984716828e-02 1.0288281150191544e-01 
1.2637246913343789e-01 -1.2330996268767810e-01 
1.0669422196018180e-01 -4.9280133122234449e-02 
1.2228131636843440e-01 -1.1363736591599026e-02 
1.4813700122499662e-01 -6.0798775838527830e-02 
4.6235355696609172e-02 6.0321796365517877e-02 
8.4333244148026024e-02 -2.4173028596311461e-01 
8.0018312366691713e-02 1.3655650324231530e-01 
1.1731215249246660e-01 1.4632312749275497e-01 
1.2581509688079590e-01 9.1733344853774670e-02 
1.4508874378018569e-01 -3.0813309801768940e-02 
1.4070955760264464e-01 -7.2940761353858005e-02 
2.0271922118685962e-02 -1.9667245640174885e-02 
7.6754759691906496e-02 -7.9405547486328998e-02 
9.0869030926523445e-02 -3.3990762405977058e-02 
9.0391898384326791e-02 -1.8818605586853754e-01 
4.9828402401588714e-02 9.6863473520951343e-02 
9.2513012852698209e-02 8.5086235480991229e-02 
7.0075041437916374e-02 1.1372576441685250e-01 
1.0543447642219692e-01 -2.2691596867066795e-02 
6.4006221386737672e-02 -6.4006794536819761e-02 
1.0104363375507674e-01 1.2539780886178201e-01 
1.3983598193583019e-01 -1.8206071020507385e-02 
4.8858808006501296e-02 -1.3334127998029910e-01 
1.4080130280128461e-01 2.7439220930405885e-02 
8.4948158418767711e-02 -3.0553320699709646e-02 
7.8898210536576308e-02 1.0395768596701248e-01 
5.0139549515263983e-02 3.8185335187660568e-02 
1.3936781880178351e-01 -4.0344545292953393e-02 
1.1403749578194068e-01 1.6738983106426800e-01 
1.5719640200864773e-01 7.9550381000418641e-02 
8.3828852079019994e-02 8.1894441627794537e-02 
1.1651871999362430e-01 9.5542298892291599e-03 
5.9380059204403743e-02 9.1094758675615825e-02 
6.2405287879687542e-02 3.7824066272895217e-02 
1.2555082196704851e-02 3.5475247240380784e-03 
1.2384102879870576e-01 9.8318387939251073e-02 
1.2839152402988957e-01 -1.2096518906839288e-01 
1.6287228264637293e-01 4.6102498891951928e-02 
1.4890835822415210e-01 6.1252784537215187e-02 
1.1830803728234612e-01 -2.2030573958423144e-02 
1.2961508446037490e-01 3.8791291594180460e-02 
4.3011917178481032e-02 3.2789341014718948e-02 
1.3716975997092448e-01 -6.2124526312429380e-02 
3.3927434024864325e-02 2.3999718170769339e-02 
5.9565148159544959e-02 -1.3425631048591555e-01 
4.6842105769523683e-02 9.6235057328784859e-02 
9.2984164899947458e-02 -9.2965011898429678e-02 
1.0892889073656377e-01 -1.4690124385396910e-01 
3.4663348478815838e-02 -2.7127923297576410e-02 
6.7230063338963336e-02 -1.0370034887712959e-01 
8.6914893710477045e-02 8.8639669949162558e-02 
1.2355180894145099e-01 -1.1015936144121170e-02 
8.7255005554037340e-02 2.0109022511261287e-01 
5.8514893418931020e-02 1.0677068539630832e-01 
6.1709269705543818e-03 -5.0323965879494042e-03 
6.5436259438059585e-02 7.0293577115745035e-02 
9.0875364072450227e-02 -1.7348550036196703e-01 
8.8257883378508512e-02 1.6736997985901214e-01 
1.1006655772781548e-01 1.8483494618029880e-01 
8.8711657805064459e-02 -8.2569264950652088e-02 
7.1111308473823936e-02 -9.2378127536509480e-02 
5.5559361089165822e-02 -4.7070015940021234e-02 
8.6464414361225678e-02 1.6858779285263240e-01 
9.0279251018635862e-02 -2.0209754197260243e-01 
1.0114161531113519e-01 -1.7331455704167115e-01 
1.5693270354809585e-01 -7.5428126568643367e-03 
1.2542244340863426e-01 -4.0780005935282131e-02 
3.7426967782368203e-02 -5.1517914793696676e-02 
7.0439182954852103e-02 6.8315613893379992e-02 
1.2144496161890697e-01 -1.3387842278371524e-02 
3.2049966798146493e-02 -5.1438826278997853e-02 
1.1613023427465645e-01 1.3070557052331810e-01 
5.8085271285995214e-02 -1.3122597165840152e-01 
7.9592772052445110e-02 7.9302073619794203e-02 
4.3763916078103988e-02 -2.7463319471822515e-02 
1.6062265884884025e-01 -4.8449219179515404e-02 
1.4845684848615215e-01 -4.7164492278421941e-02 
============================================================
1.3860799164967471e+01  0.0000000000000000e+00  
0.0000000000000000e+00  2.9424816473755997e+00  

1.1236363008929706e-01 -1.1074141191665399e-01 
1.0442851448296810e-01 3.5528061004582390e-02 
2.5764551130924407e-02 5.5065836802277411e-02 
1.2858721582310151e-01 7.7922567684425723e-02 
1.2284662082246439e-01 5.7694482184770586e-02 
5.4218392077654755e-02 -1.0845026602284522e-01 
1.1796812326596026e-01 1.7746877712631007e-01 
5.0015042613569552e-02 -1.2120726409541506e-01 
7.6260648672558259e-02 -1.2882714993760808e-01 
1.4191833676029700e-01 -9.2095765083419420e-02 
6.3458222096871283e-02 -6.6186593682710501e-02 
9.8952047407312796e-02 -1.1855524882621203e-01 
2.1582578827765184e-02 5.2868858288722077e-03 
4.8782678003392518e-02 -1.5864597307578533e-02 
1.0171679438927092e-01 2.1275360951096098e-01 
1.3159547449273717e-01 2.7494227555901952e-02 
1.2544635737024082e-01 4.2752500883422431e-02 
8.2705409272078798e-02 -1.9653780473072546e-01 
8.6516342650965583e-02 4.6048427806392581e-02 
1.3799789616717731e-01 7.1535152519900697e-02 
1.5946626979308462e-01 -6.0003781933640102e-02 
8.1181919811357278e-02 -9.9480979995900332e-02 
8.4667519268584179e-02 1.0335593301327349e-01 
1.2705723036130356e-01 -1.2260427425596931e-01 
1.0696701157321147e-01 -4.8685182091989146e-02 
1.2234270547227150e-01 -1.0682568036077547e-02 
1.4847329621534613e-01 -5.9972848742979548e-02 
4.5898702834618395e-02 6.0578348535218200e-02 
8.5678147513838135e-02 -2.4125688023129360e-01 
7.9256579747946088e-02 1.3700001262204101e-01 
1.1649545060095468e-01 1.4697417715693228e-01 
1.2530227706066238e-01 9.2432594492411729e-02 
1.4525809509651746e-01 -3.0004823638596228e-02 
1.4111358725321074e-01 -7.2156009868499030e-02 
2.0381135881589855e-02 -1.9554045045289688e-02 
7.7195783912118968e-02 -7.8976864037257177e-02 
9.1056918480154320e-02 -3.3484179956564497e-02 
9.1438516614758825e-02 -1.8767973943974689e-01 
4.9288190924886163e-02 9.7139468928909983e-02 
9.2037727629409483e-02 8.5600126800284809e-02 
6.9440608831986758e-02 1.1411425314028983e-01 
1.0555921234151819e-01 -2.2104073756630337e-02 
6.4361686680288924e-02 -6.3649347292451142e-02 
1.0034371855943147e-01 1.2595858261917575e-01 
1.3993520420366701e-01 -1.7427033322961603e-02 
4.9600636302183969e-02 -1.3306711443861380e-01 
1.4064630860067850e-01 2.8222926722956745e-02 
8.5116994460600129e-02 -3.0079765266928762e-02 
7.8318040149307697e-02 1.0439546295055806e-01 
4.9926115452755118e-02 3.8463973335912213e-02 
1.3959033888382494e-01 -3.9567771516233405e-02 
1.1310352287581921e-01 1.6802231727071074e-01 
1.5675094323879471e-01 8.0424584024565079e-02 
8.3371476824573743e-02 8.2360019806360124e-02 
1.1646370499040817e-01 1.0202981801220895e-02 
5.8871825942245180e-02 9.1424037317945947e-02 
6.2193675537358523e-02 3.8171018691106756e-02 
1.2535131112555397e-02 3.6173897529464985e-03 
1.2329156707244171e-01 9.9006541752131513e-02 
1.2906319575594963e-01 -1.2024829275433056e-01 
1.6261300921571833e-01 4.7008829940035031e-02 
1.4856492844428409e-01 6.2081114672013313e-02 
1.1842889228873313e-01 -2.1371367429394980e-02 
1.2939704333357568e-01 3.9512524593394424e-02 
4.2828644277258035e-02 3.3028368608215203e-02 
1.3751360822181893e-01 -6.1359655913644659e-02 
3.3793251961797367e-02 2.4188290010547602e-02 
6.0311906290635910e-02 -1.3392250647351500e-01 
4.6305440291629175e-02 9.6494431608233872e-02 
9.3500450954365932e-02 -9.2445735600653917e-02 
1.0974530379522605e-01 -1.4629233396810340e-01 
3.4813888051470440e-02 -2.6934460249700535e-02 
6.7806534537425883e-02 -1.0332433231250177e-01 
8.6419905999361113e-02 8.9122329886856033e-02 
1.2361124142076915e-01 -1.0327697529096069e-02 
8.6133768361454366e-02 2.0157303534434301e-01 
5.7919373352339439e-02 1.0709490278392630e-01 
6.1988570086213843e-03 -4.9979522687782704e-03 
6.5043775347373572e-02 7.0656905688917901e-02 
9.1840106488324344e-02 -1.7297671944905102e-01 
8.7324420798485652e-02 1.6785889809202717e-01 
1.0903549345822477e-01 1.8544504745569762e-01 
8.9170115546807649e-02 -8.2073943723832449e-02 
7.1624665322409978e-02 -9.1980671651514523e-02 
5.5820635386959139e-02 -4.6759872435950200e-02 
8.5524197516076289e-02 1.6906670425894926e-01 
9.1403344936134404e-02 -2.0159163715377609e-01 
1.0210524653055994e-01 -1.7274860538143263e-01 
1.5697227633525132e-01 -6.6687276013198890e-03 
1.2564760485418003e-01 -4.0080888077505872e-02 
3.7713293893730591e-02 -5.1308682752124149e-02 
7.0057636683542174e-02 6.8706834734932387e-02 
1.2151763606413933e-01 -1.2711300046483624e-02 
3.2335935843640945e-02 -5.1259540320209185e-02 
1.1540052586761473e-01 1.3135028019761008e-01 
5.8815176218722162e-02 -1.3090045616582063e-01 
7.9149899548698277e-02 7.9744101003288825e-02 
4.3916182367433776e-02 -2.7219169590070431e-02 
1.6088998476273364e-01 -4.7553950181062773e-02 
1.4871720833469829e-01 -4.6336995364995637e-02 
============================================================
2.2195996606685299e+01  0.0000000000000000e+00  
0.0000000000000000e+00  2.9637598355213353e+00  

1.1462396283604592e-01 -1.0840015140164323e-01 
1.0367346736934704e-01 3.7674526134800143e-02 
2.4623238756760184e-02 5.5585560992407461e-02 
1.2695256671343352e-01 8.0558329380281943e-02 
1.2163043330029083e-01 6.0216137515209774e-02 
5.6443836533468308e-02 -1.0730884193436857e-01 
1.1428241575461573e-01 1.7986432222897866e-01 
5.2504517131479127e-02 -1.2014982745690100e-01 
7.8901713017348274e-02 -1.2722672981702518e-01 
1.4378778196949635e-01 -8.9148853113217380e-02 
6.4809937306721216e-02 -6.4863573454712803e-02 
1.0137640781759341e-01 -1.1648896363323483e-01 
2.1468935608399721e-02 5.7309401032129212e-03 
4.9099534805033429e-02 -1.4854992522502806e-02 
9.7306731983721959e-02 2.1480643503261207e-01 
1.3100035958946837e-01 3.0202768801789327e-02 
1.2453782168824751e-01 4.5330959380929466e-02 
8.6741755176812027e-02 -1.9479004420165019e-01 
8.5548105153919030e-02 4.7823184269910848e-02 
1.3649299669262377e-01 7.4366385191697290e-02 
1.6067002735389843e-01 -5.6701740345056428e-02 
8.3216620170876082e-02 -9.7785293436889076e-02 
8.2517605872097957e-02 1.0508036176792242e-01 
1.2955912961627244e-01 -1.1995740821638406e-01 
1.0794847233714788e-01 -4.6468439185211638e-02 
1.2253702346429687e-01 -8.1567593216149287e-03 
1.4967875453018986e-01 -5.6897563372163715e-02 
4.4639401465016756e-02 6.1512202610539302e-02 
9.0636271442348468e-02 -2.3943828749673407e-01 
7.6413848559047620e-02 1.3860567318900358e-01 
1.1343906178194299e-01 1.4934583363358114e-01 
1.2336903172063801e-01 9.4997511406867033e-02 
1.4584609362928910e-01 -2.7002233347054899e-02 
1.4257191075238257e-01 -6.9229939563942300e-02 
2.0780136666186114e-02 -1.9129487645822483e-02 
7.8808398471981969e-02 -7.7367760968295313e-02 
9.1728216478501087e-02 -3.1598845107666536e-02 
9.5290291155235407e-02 -1.8575372762997050e-01 
4.7274030275461780e-02 9.8135458678061019e-02 
9.0252491277707514e-02 8.7480356844136908e-02 
6.7072025539605701e-02 1.1552231089593741e-01 
1.0599268997394835e-01 -1.9922024467577255e-02 
6.5660874453286847e-02 -6.2308231311091158e-02 
9.7724250120502565e-02 1.2800155205368241e-01 
1.4026489590496241e-01 -1.4536913108760458e-02 
5.2334829499011581e-02 -1.3201570242933247e-01 
1.4003423737379317e-01 3.1118002489665404e-02 
8.5719334095891220e-02 -2.8317676223100399e-02 
7.6148035479670251e-02 1.0598870123780549e-01 
4.9122105562492663e-02 3.9485604897163809e-02 
1.4037679607052125e-01 -3.6680054218024567e-02 
1.0961370037058558e-01 1.7031953111433762e-01 
1.5505869362737365e-01 8.3640740386180440e-02 
8.1654917228841245e-02 8.4062182357856702e-02 
1.1622847214617761e-01 1.2603082174376362e-02 
5.6973517274772456e-02 9.2618922573243043e-02 
6.1393098377503959e-02 3.9445752830604842e-02 
1.2457849106262905e-02 3.8751795157464853e-03 
1.2122315016298153e-01 1.0152858555824651e-01 
1.3151607192270398e-01 -1.1756055135585197e-01 
1.6160877179733399e-01 5.0353011197739231e-02 
1.4725278713398698e-01 6.5132322573723950e-02 
1.1884451846557398e-01 -1.8924013982884357e-02 
1.2855449739973268e-01 4.2173162337166260e-02 
4.2138263424381359e-02 3.3904758650158337e-02 
1.3875000362614864e-01 -5.8510138555369309e-02 
3.3287135778159463e-02 2.4880189779707351e-02 
6.3061464597557182e-02 -1.3264997347670354e-01 
4.4305219278500056e-02 9.7429034053929650e-02 
9.5387416057864910e-02 -9.0497454202975100e-02 
1.1273949461559273e-01 -1.4399751746735878e-01 
3.5362052394480217e-02 -2.6210631443234052e-02 
6.9923356551071139e-02 -1.0190371917860112e-01 
8.4563213160593217e-02 9.0885933000415822e-02 
1.2379796969036497e-01 -7.7757985043111558e-03 
8.1957640549447708e-02 2.0330681195091310e-01 
5.5698027844800206e-02 1.0826680796082506e-01 
6.3006298299626475e-03 -4.8690264776549697e-03 
6.3572512603702488e-02 7.1983516684198806e-02 
9.5388519644648839e-02 -1.7104555226940249e-01 
8.3843453728074321e-02 1.6962440686236405e-01 
1.0518716163994141e-01 1.8765464418888583e-01 
9.0844065290328319e-02 -8.0217189844449227e-02 
7.3506691829467147e-02 -9.0483716194123626e-02 
5.6773264842872193e-02 -4.5598524146196459e-02 
8.2018700300633171e-02 1.7079482325511730e-01 
9.5542084599226376e-02 -1.9966339100167549e-01 
1.0564677047226695e-01 -1.7060574995901073e-01 
1.5707643412584651e-01 -3.4294763448230320e-03 
1.2644761236412477e-01 -3.7480655304913742e-02 
3.8763603075658043e-02 -5.0519862813212926e-02 
6.8625530900226495e-02 7.0137280426593118e-02 
1.2175397580034579e-01 -1.0202078234220632e-02 
3.3386375433352579e-02 -5.0581648412704440e-02 
1.1266664066868447e-01 1.3370267596030466e-01 
6.1502717798071878e-02 -1.2965943884465181e-01 
7.7488196092156347e-02 8.1359742562125165e-02 
4.4468282791752807e-02 -2.6307529197083811e-02 
1.6183663949338301e-01 -4.4225190697886635e-02 
1.4964135102194465e-01 -4.3259579963850985e-02 
============================================================
2.7719375994467203e+01  0.0000000000000000e+00  
0.0000000000000000e+00  3.0062733065017779e+00  

1.1311709121711079e-01 -1.0997167523830048e-01 
1.0418351494691286e-01 3.6240212046443392e-02 
2.5387992100024716e-02 5.5240459220051261e-02 
1.2805220739198031e-01 7.8798672639277617e-02 
1.2244985216774805e-01 5.8531865049422330e-02 
5.4957565755078673e-02 -1.0807756569329449e-01 
1.1675371686419725e-01 1.7827006075052404e-01 
5.0841411859853566e-02 -1.2086296453930626e-01 
7.7138430497168953e-02 -1.2830348256161922e-01 
1.4254380707125694e-01 -9.1124680085812620e-02 
6.3908627859847994e-02 -6.5751794044630552e-02 
9.9759169600947273e-02 -1.1787689676469068e-01 
2.1545979918013811e-02 5.4341163032063534e-03 
4.8889855553234184e-02 -1.5531166887848410e-02 
1.0026186179112839e-01 2.1344311581999620e-01 
1.3140469226200868e-01 2.8392046551651506e-02 
1.2515154355867555e-01 4.3607981541572555e-02 
8.4045331116122654e-02 -1.9596855801075874e-01 
8.6199933456421851e-02 4.6638039423289146e-02 
1.3750627807380303e-01 7.2475657174684821e-02 
1.5987222511780536e-01 -5.8913637503912632e-02 
8.1859227808762786e-02 -9.8924396928944835e-02 
8.3959889784346015e-02 1.0393158622642495e-01 
1.2789134196724602e-01 -1.2173394145732409e-01 
1.0729691348247880e-01 -4.7953736844662538e-02 
1.2241278856409463e-01 -9.8470319428064015e-03 
1.4887929656130516e-01 -5.8957758868609919e-02 
4.5484038206133809e-02 6.0890307123695267e-02 
8.7323316741673110e-02 -2.4066629505099618e-01 
7.8319373544181087e-02 1.3753793883663132e-01 
1.1548927848280198e-01 1.4776611694566033e-01 
1.2466827889863280e-01 9.3285933546480126e-02 
1.4545956557687861e-01 -2.9012383818602296e-02 
1.4160293889839728e-01 -7.1190883987693229e-02 
2.0514164864350749e-02 -1.9414438373934084e-02 
7.7733194255606888e-02 -7.8447973955903069e-02 
9.1283407325249630e-02 -3.2861714160366269e-02 
9.2717757031760495e-02 -1.8705107443657790e-01 
4.8623828551231860e-02 9.7473716895679630e-02 
9.1451153014162623e-02 8.6226513485066797e-02 
6.8659882491949847e-02 1.1458569483541464e-01 
1.0570766622049262e-01 -2.1382859701573966e-02 
6.4794748496170715e-02 -6.3208438443017365e-02 
9.9481405540673584e-02 1.2664073729025005e-01 
1.4005092467501112e-01 -1.6471228358442024e-02 
5.0507987588008826e-02 -1.3272536779534727e-01 
1.4045034027252781e-01 2.9182522734297882e-02 
8.5320378322040646e-02 -2.9497933275116357e-02 
7.7603461328631246e-02 1.0492774126657609e-01 
4.9662341459639374e-02 3.8803944254853534e-02 
1.3985723188785962e-01 -3.8613805058908469e-02 
1.1195372496377054e-01 1.6879060831301226e-01 
1.5619819603059604e-01 8.1492916738595406e-02 
8.2807225821865782e-02 8.2927313727751861e-02 
1.1639133032995319e-01 1.0997892605066541e-02 
5.8246261949877642e-02 9.1823850159712922e-02 
6.1931615750904175e-02 3.8594752431456318e-02 
1.2510141452910765e-02 3.7028882594321213e-03 
1.2261273256380598e-01 9.9845999590026283e-02 
1.2988117529317358e-01 -1.1936431926473526e-01 
1.6228826933441409e-01 4.8117964368446418e-02 
1.4813761091043898e-01 6.3093985421134202e-02 
1.1857204370497350e-01 -2.0562303522815770e-02 
1.2912425817646184e-01 4.0395053825849438e-02 
4.2602146955220306e-02 3.3320008678778198e-02 
1.3792933234620131e-01 -6.0419360295818285e-02 
3.3627320309208890e-02 2.4418447547085068e-02 
6.1224848061756543e-02 -1.3350760937255196e-01 
4.5645551389259187e-02 9.6808330067036333e-02 
9.4129439153272113e-02 -9.1805212510544479e-02 
1.1074154762904721e-01 -1.4553964515438741e-01 
3.4996969966647216e-02 -2.6696142855412747e-02 
6.8510394523628754e-02 -1.0285897926781186e-01 
8.5809414700290576e-02 8.9710279155699568e-02 
1.2367887209052184e-01 -9.4835088576168472e-03 
8.4755533625910401e-02 2.0215641011321792e-01 
5.7186839712507882e-02 1.0748784757135214e-01 
6.2328357346746500e-03 -4.9555134747958241e-03 
6.4559853786604310e-02 7.1099341150424919e-02 
9.3018953602891780e-02 -1.7234565530284046e-01 
8.6176339459772711e-02 1.6845118774818582e-01 
1.0776683776816803e-01 1.8618515820809625e-01 
8.9728391918320466e-02 -8.1463227463476534e-02 
7.2250988190246668e-02 -9.1489514948674799e-02 
5.6138584445688318e-02 -4.6377670722714051e-02 
8.4367911915066540e-02 1.6964667485348300e-01 
9.2777568777888800e-02 -2.0096288803537271e-01 
1.0328229695883279e-01 -1.7204746195513554e-01 
1.5701414806542441e-01 -5.5968538465884232e-03 
1.2591832609556594e-01 -3.9222102798861049e-02 
3.8062721700037848e-02 -5.1050001751797081e-02 
6.9586912250162780e-02 6.9183547469500603e-02 
1.2160158942599886e-01 -1.1881349778503303e-02 
3.2685153464355438e-02 -5.1037574038493898e-02 
1.1450105044107924e-01 1.3213510860631289e-01 
5.9707520016414717e-02 -1.3049584833069861e-01 
7.8603606960007122e-02 8.0282633341641624e-02 
4.4100995968519574e-02 -2.6918700219128969e-02 
1.6121090646283961e-01 -4.6454375598055514e-02 
1.4903010506605499e-01 -4.5320558009828912e-02 
============================================================
1.4640722335940891e+01 0.0000000000000000e+00 0.0000000000000000e+00 0.0000000000000000e+00 0.0000000000000000e+00 0.0000000000000000e+00 0.0000000000000000e+00 0.0000000000000000e+00 
0.0000000000000000e+00 3.2415202396136205e+00 0.0000000000000000e+00 0.0000000000000000e+00 0.0000000000000000e+00 0.0000000000000000e+00 0.0000000000000000e+00 0.0000000000000000e+00 
0.0000000000000000e+00 0.0000000000000000e+00 3.2185257174509849e+00 0.0000000000000000e+00 0.0000000000000000e+00 0.0000000000000000e+00 0.0000000000000000e+00 0.0000000000000000e+00 
0.0000000000000000e+00 0.0000000000000000e+00 0.0000000000000000e+00 3.0017171720541680e+00 0.0000000000000000e+00 0.0000000000000000e+00 0.0000000000000000e+00 0.0000000000000000e+00 
0.0000000000000000e+00 0.0000000000000000e+00 0.0000000000000000e+00 0.0000000000000000e+00 2.7607530228111732e+00 0.0000000000000000e+00 0.0000000000000000e+00 0.0000000000000000e+00 
0.0000000000000000e+00 0.0000000000000000e+00 0.0000000000000000e+00 0.0000000000000000e+00 0.0000000000000000e+00 2.5352333379685201e+00 0.0000000000000000e+00 0.0000000000000000e+00 
0.0000000000000000e+00 0.0000000000000000e+00 0.0000000000000000e+00 0.0000000000000000e+00 0.0000000000000000e+00 0.0000000000000000e+00 2.4368949108249285e+00 0.0000000000000000e+00 
0.0000000000000000e+00 0.0000000000000000e+00 0.0000000000000000e+00 0.0000000000000000e+00 0.0000000000000000e+00 0.0000000000000000e+00 0.0000000000000000e+00 2.2573012877906096e+00 

-3.4276896870592111e-01 -6.0673369860030935e-01 4.7060773042368931e-01 -1.7814262708871317e-01 1.6509632302883473e-01 1.6447954222952055e-01 1.0197945894180145e-01 -4.4324608945677968e-01 
-3.4707524546101176e-01 -1.0747751714856285e-02 6.0899527975623993e-02 4.5466013400199412e-01 -6.8044666108744922e-01 -3.0509743098431030e-01 3.0969372231290038e-01 -1.3037011637866111e-01 
-3.9820278431525319e-01 3.8672055942622308e-01 1.7146597499404445e-01 2.2112478138171074e-01 2.6263828146825713e-01 -2.9014660792065150e-01 -6.1795968099232457e-01 -2.8026222300960540e-01 
-3.5680303204331842e-01 1.1104388600948487e-01 -5.2596301071544518e-02 -7.6315272698034609e-01 -4.4951444600176538e-01 -3.4814733134674328e-02 -2.2741952860451875e-01 1.4211773753633267e-01 
-3.5047642432511705e-01 -5.7430077459923179e-01 -4.2862675753258123e-01 2.2084403543776182e-01 1.1157742678649829e-01 -8.1162153821301403e-02 -2.9513052491411929e-01 4.5685125249733050e-01 
-3.2767244251888056e-01 1.5947786713382298e-01 -6.6407195786148088e-01 -1.3497598772966379e-01 2.7518918293426520e-01 -3.3240540415028219e-03 3.8957773454185429e-01 -4.2482531802673379e-01 
-3.3897974991551222e-01 2.5440261742003256e-01 3.6053541440468670e-02 2.4014220893880817e-01 -9.0022390678913752e-02 8.5710352518011601e-01 -2.7797201895953069e-02 1.3379361307502757e-01 
-3.6202779247171035e-01 2.2338287210941449e-01 3.4152648469696795e-01 -7.4781197894445650e-02 3.7737355774425430e-01 -2.3073820801782563e-01 4.6952173173452705e-01 5.2981300788428209e-01 

-1.2277988336447929e-01 -1.1034029823198062e-01 8.2089881004761112e-02 -6.9564482984130802e-02 4.8150670728321777e-02 -7.9570520287732469e-02 -1.2244923203375696e-01 1.1279167967855591e-01 
-1.2427422292096435e-01 -5.4643187325067975e-02 -1.3986689922893827e-01 2.5115015056930853e-02 3.1789709826358203e-02 2.4444578157126220e-02 1.2157898539034849e-01 8.3298411121942292e-02 
-4.7890049362790239e-02 4.9715709247694924e-02 -8.9443311350664301e-02 -1.5735066287419969e-01 -1.1983404502546725e-01 -2.6486385088084402e-02 -1.3692726436076646e-02 5.8467041481401125e-03 
-1.1825645989708661e-01 3.0530444739185758e-03 3.4349787376178852e-02 1.0510868044768702e-01 2.8841759295396049e-02 -8.4646352434882582e-02 1.3352013652106701e-01 8.1329106593015690e-02 
-1.1929355658133158e-01 7.1013035545446440e-02 9.4456698281126406e-02 -6.5103223611368957e-02 -1.1947986462059371e-01 6.3370769954737866e-02 1.2508697188793355e-01 1.1312703695669768e-01 
-6.6846020369134757e-02 -1.8722884291541908e-01 -1.0975908373820976e-01 -1.1819665748856489e-01 -8.0569134918163886e-03 -1.6421273138206727e-02 -1.2660205664434365e-01 3.2650071983044801e-02 
-1.1981471450476748e-01 1.5011502837151267e-01 2.5360412404725141e-02 -1.0571545398666842e-02 -1.2143829560481068e-01 -1.6787706337129704e-01 2.1320564570145313e-02 -8.2265039649036531e-03 
-1.1125163280231457e-01 -7.1736591622424573e-02 -1.0459952902786712e-01 -1.8986052731171552e-01 1.1318337854411786e-01 -3.4966730406844032e-02 -2.9123176318923957e-02 1.4056966642421229e-01 
-1.0809210183798415e-01 -9.7769947208708893e-02 3.1559461733067000e-02 -1.6479747118379953e-01 7.9890078946409329e-02 -6.8678930454525500e-02 -2.1954879318987250e-02 1.8501760249342347e-01 
-1.3572511478430432e-01 -1.8146703751004141e-02 1.3717863509280396e-02 -1.3512227888630785e-01 4.3079437019881331e-02 -5.0537988772611925e-02 1.1493189748176638e-01 -1.1943736969376714e-01 
-1.1345967835673151e-01 1.5112847316442160e-01 -3.8214663335266727e-02 -1.4810291808818901e-01 4.8172459161384108e-02 5.5480832998753615e-02 -8.0337695024966210e-02 -1.6380814804870170e-01 
-7.7213561769874900e-02 -3.4323617380250547e-02 1.0932581813892589e-01 1.0885223791670689e-02 5.0838570705336143e-02 1.0357542658475387e-01 3.2853697302681652e-02 -9.6659169317912796e-02 
-1.0723471546878090e-01 1.7085557137652838e-02 -2.4429523834472885e-01 -6.8254011583285409e-02 6.1465992488025853e-02 8.8145183696632656e-02 -8.0031863423843760e-02 1.1266563399972428e-01 
-7.6806260568820825e-02 9.5823468567964726e-02 -1.1203648387606145e-02 -3.2799468908871580e-02 1.5966187743008523e-01 -1.1474939603849921e-01 1.2083874340727464e-01 -4.1632519719701416e-02 
-8.4587010562738860e-02 1.0072755999828963e-01 3.6832672261235128e-02 5.8496226134490598e-02 -2.0445732744591102e-01 7.4403246491817412e-02 2.1096745809635389e-01 1.6653905824540749e-01 
-5.9694662228078302e-02 -1.7516330473738190e-01 4.7730755986464354e-02 8.4963040257400688e-02 -1.0756674947528172e-01 -7.4242125970251052e-02 7.5154884823051368e-02 -2.9816829550339496e-02 
-8.8812184020820750e-02 -1.8683820988369557e-01 -5.3735061871770670e-02 1.7658239511174897e-01 -1.2378392233268351e-01 1.9532815329106501e-01 1.7697109169693567e-02 9.3400851296188817e-02 
-7.6420947147929227e-02 -1.8761631013448668e-01 4.0878015913554437e-02 -2.3620560113341321e-01 -2.5465285178247921e-02 3.4875027020522725e-02 -1.1060349140420641e-02 7.0335077981395197e-02 
-9.7994390488774341e-02 -7.4506088733495360e-03 6.0636593595608912e-02 5.9685511121988478e-02 -9.3435717877776020e-03 -2.7324566338912396e-02 -3.1395688980964911e-02 1.8370546954419373e-01 
-1.2973773347759349e-01 1.5953524634257066e-01 7.9049666047357331e-02 6.4695398012635822e-03 -3.7769534814622960e-02 3.2961054214919516e-02 1.7140030956649979e-01 -8.4217032121621585e-02 
-1.4051792688432133e-01 -6.7943801765775191e-02 8.7839774780602536e-02 -1.0984039745424005e-01 -1.4341052819458581e-02 -1.8497175569266527e-01 -2.8578246928310007e-02 -3.9599549291550108e-02 
-8.0994516449756360e-02 -1.0627191018357610e-01 -9.5981801100636713e-04 4.4963391694768401e-02 8.1107509859314753e-02 4.3572809262667368e-03 -1.1565431541491000e-01 -4.9663215063469712e-02 
-9.6617724772458849e-02 9.1692274093145440e-02 -7.3539706360017026e-02 -7.3244922204562649e-02 -1.9892040244092102e-01 8.7541620746612633e-02 -6.1043901487529001e-02 -6.0646712965918920e-02 
-9.5864031053956480e-02 -1.1759081459387347e-01 1.5951261481044018e-01 -1.3397080769124356e-01 -7.2248423398610484e-02 5.0988275706267266e-03 -8.3104727101386867e-03 4.8386310676374097e-02 
-8.4342644987918464e-02 -1.2565204071971350e-01 7.3999847261878859e-03 8.3944273110795567e-02 -5.0159184730245110e-02 1.0982906635343412e-01 -1.1730325841590376e-01 -4.4957741193405600e-02 
-9.8490544759060369e-02 -7.7603903318787720e-02 -4.1405067878683810e-02 1.0210901645163659e-01 -5.7060037023333003e-03 1.2156097525465040e-01 8.5411226197607132e-02 -7.5006416586948316e-02 
-1.0426133754418736e-01 -9.7023327345926211e-02 1.8523100221427946e-01 6.5985217803608415e-02 4.8236716620680520e-02 -1.0988519265510131e-01 5.1531930620043458e-02 2.7362803086813450e-02 
-8.8831109551353454e-02 4.3965619991558777e-02 -6.4919251102026315e-02 3.0765154232177894e-02 -5.4348763504945281e-02 1.0386238063832755e-01 -1.3883633563998984e-01 1.1723460815224523e-01 
-1.1290551602644741e-01 5.2498134776879340e-02 1.7578533628044507e-01 -3.3182853669297581e-02 2.2819105610794491e-01 1.9805030469407242e-01 1.4005492143109359e-02 -4.6911513693150921e-02 
-1.1647421560457005e-01 7.0383874898157645e-03 -2.4490428816707097e-01 2.0174463558271533e-02 -1.2217138428583564e-01 1.1224626320545769e-01 -1.5713510129813993e-02 5.4978005145152858e-02 
-1.0981485029918985e-01 5.1557962768721405e-02 -5.9567317251700946e-02 -1.8828386001783333e-02 -1.5132667497282876e-01 -1.9232944187750567e-01 -1.0208615655879853e-01 -1.0224054145108025e-01 
-9.1478521902374849e-02 4.7918827870683633e-02 -3.6760983940912914e-02 1.0085921430953851e-01 -1.1094452569431101e-01 9.3796500157587046e-02 8.0377161203294134e-02 -1.9981703344564805e-01 
-7.3809315876818340e-02 -1.7708484426830415e-01 9.0507115021824819e-02 4.9959931773161347e-02 -7.0576551061191845e-02 -5.8414052168539204e-02 8.8090372002549933e-02 -4.3688921013890179e-02 
-1.2350888785070152e-01 -3.9306774567600178e-02 1.1496920045973845e-01 -6.9474383160967226e-02 -2.1962845418134196e-02 -6.5900234670289048e-02 -5.5567853284299036e-02 -5.1345449963539000e-02 
-4.9048712190365031e-02 -1.1456407511254256e-02 -7.5861697343766660e-02 -1.1655820266768507e-01 -5.8873987888584188e-02 7.1570779974895443e-02 -5.6369000444658701e-02 5.3842703704176861e-02 
-1.0754177993291023e-01 2.8375046970476589e-02 9.1917480857902162e-02 -5.5724090394977818e-02 2.0896382607361094e-04 1.4584263126424488e-01 -1.0339610221268264e-01 1.0449005864689487e-01 
-1.0116618720942192e-01 8.0754600881235331e-02 1.0349535101269444e-01 3.8090551170778496e-02 4.8923232383671238e-02 6.4689050175757948e-02 -3.2509575141954128e-02 -3.1089288484793729e-02 
-8.1261112071529057e-02 -1.8898432815176155e-01 -9.3022780262859817e-02 3.9674262568508548e-02 1.7328029759184327e-01 5.7527079568688369e-02 -2.1410107295081124e-03 -1.7765931493486148e-01 
-9.3888439120112160e-02 1.9157383104110218e-01 -4.9532693531811438e-02 1.8880149883601267e-02 -8.8783581605971995e-02 1.0310204275389961e-01 -1.9863904186303760e-01 -8.6682498733292049e-02 
-8.0193490871834805e-02 1.2561426845524376e-01 1.6761432810084376e-01 1.2629393173288267e-01 1.0832236860798830e-02 -7.1953053057754665e-02 2.6206114946285053e-02 2.1408026179709369e-02 
-9.6784041044392324e-02 6.0442418295040927e-02 -5.4650135569274325e-03 1.9853994762331489e-02 2.2458403108102376e-03 -1.3426732252802653e-01 3.7287865414583565e-02 1.8302223906151094e-01 
-8.6333842686857246e-02 -9.8663124153168247e-03 -6.8725010982889981e-02 -7.9512390617743359e-02 -2.7930852192750474e-02 -9.6600582893433679e-02 2.3458517600804391e-03 -2.7092864177587572e-01 
-1.0252669138349196e-01 8.0783293536512146e-02 -2.4455821810171953e-02 -1.3444338892741704e-02 2.0667889026043898e-01 -6.4866902741240309e-02 6.2250006313220113e-02 -7.3285183172364265e-02 
-9.3930986146567141e-02 6.6572279392212066e-02 5.2624151370111026e-02 -5.0539321288430895e-02 -1.4126514516231448e-01 -1.5902321639201653e-01 -1.3330331369505420e-02 5.5673764761669409e-02 
-8.2753179933756194e-02 -1.0102051183406080e-01 4.4046640455372557e-02 -1.2110605784588755e-02 -7.5593525246547777e-02 -3.1957678604268763e-02 1.3876502947398039e-01 -1.0833962441693892e-01 
-7.8912827971393193e-02 1.8274236947383449e-03 -2.5470199779866764e-02 -1.0594324404566993e-01 1.6972342244940838e-01 3.6953964313705574e-03 9.6112660506071285e-02 -4.2096942283938274e-02 
-1.1064338399759009e-01 -5.1296172811706828e-02 1.5597062426684377e-01 1.2290537755946437e-01 -1.8290847590275605e-02 -5.4406670346889847e-02 4.7983682251126619e-03 1.1078086359313835e-01 
-8.7727095522892332e-02 -1.2501017101408701e-01 -1.5049674711504493e-01 -8.6233798648398668e-02 -5.0866946952522057e-02 -4.3771585933716842e-02 -7.0464907350720835e-02 -7.3152906390612185e-02 
-6.5640928050891847e-02 1.0789302026766698e-01 9.7020957743196926e-02 7.5701444410959046e-03 -1.4075423283068778e-01 -7.0914872239144985e-02 -9.6373896334340570e-02 -4.5147647732221866e-02 
-9.9652310264442545e-02 5.6644857165336251e-02 -6.7817059344589689e-02 -3.3222648231594779e-02 -9.8708923356938427e-02 1.4315346858188360e-01 -2.0355079992789413e-01 8.6643802126468716e-02 
-1.2357487963835791e-01 2.7773583488978480e-02 4.8637254578868819e-02 1.2431661023513153e-01 7.0758103328318389e-02 9.6754813744147433e-02 3.4089722881421050e-02 -1.7507828038307705e-01 
-1.3088901862452870e-01 1.1946044866643142e-01 -1.8737538778419247e-02 -3.4401113070507390e-03 -1.6021212540540367e-01 5.5856608638248970e-02 7.2379100767765159e-02 1.3042903053381982e-01 
-1.4000204754800297e-01 -2.7079991660841012e-02 9.2037073090124460e-03 1.6812032381113312e-01 7.2353744143044078e-03 -7.0955529322755270e-02 1.3710503752782481e-02 -1.9937186888790807e-04 
-1.1239387724653180e-01 2.6595273701391080e-02 -1.3194782836725402e-01 1.4108339595788538e-01 6.5068777580231010e-02 9.6246666771948666e-02 1.1290864189264330e-01 7.1459364792186758e-02 
-9.1181856919253512e-02 -5.4779950725782921e-02 1.0468218141846314e-01 1.4860532216663430e-01 -2.1686906260177507e-02 6.8582586362776976e-02 -1.6405042548321654e-02 6.2121964421496770e-02 
-8.3358372149216167e-02 -4.3139960929198633e-03 -8.0562771348637027e-02 1.7513668444635891e-01 3.8930253914934126e-02 3.7143104157622314e-02 -2.4274918324052614e-02 1.2561605051733454e-01 
-8.9855705586030177e-02 -6.0558558143287240e-03 -1.5718619443166154e-01 -9.3063088861048707e-02 -5.4376904355964144e-02 9.2122551887017581e-02 1.3054486461571033e-01 7.3520676366649829e-02 
-8.2795154378744323e-02 1.7014772398221586e-01 6.4430504304332670e-02 -6.2978384173536336e-02 8.5506575102204357e-02 3.4942850973983801e-02 -2.7410413826123095e-02 2.0002981367200667e-01 
-1.3915273424861901e-01 2.8654829542547645e-03 -1.0183409830659433e-01 -2.3290091634967144e-02 -7.2010065868510234e-02 -1.6183523847213990e-01 -9.0343852733661634e-02 -1.0417595381726895e-02 
-1.3258070508086117e-01 6.3337127468588744e-02 1.5009725045316297e-01 -1.3028629510709908e-01 9.4561323988122913e-04 7.8568105467300295e-02 -2.5785261564903201e-02 -8.5200193895471621e-02 
-1.0446588311733590e-01 -1.0245865282546093e-01 -2.1144491691099793e-02 8.4227235770075043e-02 -1.4212243619597867e-01 6.4230978950350598e-02 8.3047187340826070e-02 -1.3020428111641072e-01 
-9.4292046922532499e-02 -1.8441181000788073e-01 1.6609395485603744e-03 4.4994441739631304e-02 -2.0456845048843880e-01 -1.9987805629533881e-02 -1.9373582210569909e-02 5.4040765926788310e-02 
-7.3108607113681612e-02 -1.6511595941504931e-01 1.5756089494518930e-02 -6.4581322026268512e-02 -9.8898030544485649e-02 -8.5572880735598975e-02 7.3391413682648704e-02 1.0944963773260064e-02 
-1.2435074655913374e-01 1.0714508517818741e-01 1.0890464022013739e-01 -7.9081502546419699e-02 -7.7095498871861595e-02 -8.1696324297374404e-02 9.3485458554182933e-03 -4.7729114914467977e-02 
-9.9525299317138285e-02 2.1326540095666067e-02 -1.7047033798118011e-01 7.0893612403918616e-02 9.4104333050994055e-02 -2.4921035905502764e-02 -1.5638787046602678e-01 -3.0255302718708993e-04 
-9.6732465154363456e-02 -3.8305961444960249e-02 1.0220313813849261e-01 -1.2992882409624396e-01 -1.2612723646784968e-01 -8.1999869139213089e-02 -9.3061453529303326e-02 -1.9532227986167178e-01 
-6.7718123372873001e-02 1.4733149982669175e-01 1.0086505231040287e-01 1.2040828595694431e-01 1.3136726303147234e-01 -3.5919853456652460e-02 -8.7807129136432210e-02 3.4851387220912217e-02 
-8.4085280591712080e-02 -3.2116611498114546e-02 8.4927883261437367e-02 -1.0723839484596170e-01 1.3959557379595666e-01 -3.5407443868764196e-02 5.5497204588416095e-02 1.1948063495192683e-01 
-9.6185838773538701e-02 1.3981567238537360e-01 -1.5311951268369717e-01 -9.7076991401431820e-02 3.4681945464934631e-02 -2.0151964637611802e-01 -3.5211824319621361e-03 -7.6072677915631978e-02 
-1.1101260421158185e-01 5.3685692478240454e-02 1.8333600802516770e-01 -2.6620013036589105e-02 4.4016613105807248e-02 7.0404501084610757e-02 -1.0226025369613233e-01 6.7629039666255331e-02 
-9.4928435173499484e-02 -1.5432103867952118e-01 3.8844640184387602e-02 7.0429705562632394e-02 3.9602527417059566e-02 9.9610285515593006e-02 -2.0525654665812015e-01 -9.4485591542711703e-02 
-9.3013015482317496e-02 -1.6806985912628733e-02 -1.4603245389528141e-01 3.9137847460186885e-02 2.8247259733554364e-01 -1.6375113033283389e-01 9.3759099449911260e-02 9.7276046869692462e-02 
-1.1209183171696124e-01 -4.1855805545275612e-02 -1.1961646635741803e-01 -4.1330379350438026e-02 1.5923281036802703e-01 4.2010710397453056e-02 8.7790456820740336e-03 -8.9681150382415996e-03 
-8.4011620113117580e-02 -8.2549026730090402e-02 -5.8987099938367926e-02 1.7204491001489602e-01 4.5146559828603376e-02 -1.2922477815558628e-01 -5.3576181888656121e-03 1.0374337085861396e-01 
-9.7849700134895912e-02 -1.0634349438986054e-01 5.1476887214249450e-02 5.6643817352760244e-02 3.8409774289186079e-02 -1.0747943566505370e-01 8.4796832074747822e-02 6.1702809781719749e-02 
-1.1405035668872258e-01 1.9213610856164748e-01 -3.0795607187302902e-02 5.1742010850443873e-02 -4.5746408059480402e-02 -1.1669683727364434e-01 6.1082966266854201e-02 4.9616787193172605e-02 
-1.2452549384785870e-01 1.8404595074609290e-01 -9.3409118831036669e-02 4.4171080095350340e-02 3.5467128439927928e-02 7.1688304658573357e-02 -1.6264595834111242e-02 6.6588923003122052e-02 
-6.8005328898339365e-02 9.1287421199174684e-02 -1.2292897747742468e-01 -7.9824235305602564e-02 4.2943011374314208e-02 2.1349199093941937e-01 1.2427560710665549e-01 1.1373239233287721e-01 
-8.1194104082191743e-02 1.6933976840630913e-01 9.6626800186558393e-02 1.5579334012363816e-01 6.1168627690327215e-02 2.9752535277748168e-02 -3.0171675513452560e-02 -2.0718571972449258e-02 
-1.0602308797859895e-01 -1.2144077740386108e-01 1.2260855333032916e-01 -9.8961284746760025e-02 4.6833855264584737e-02 7.5109761159523183e-02 -9.1706761745565551e-02 1.7185020529315484e-01 
-8.2178680075910282e-02 1.2890321754907474e-01 1.0930160219845969e-02 2.2937667706791645e-01 -9.3299556932728109e-02 5.7749139549564989e-02 -1.3129763334110084e-01 -9.4640917052293813e-02 
-1.1677204499755223e-01 8.2528774866180016e-04 -1.4571993215478782e-01 2.0746356219355133e-01 4.3310488881726394e-02 -1.7008244069834372e-01 7.0288288327286924e-02 4.5689013674564918e-02 
-7.2385832014846802e-02 1.3022084538734328e-02 1.1437001410105298e-01 4.9481397560479385e-03 1.2191958579970838e-01 -8.3918710897862292e-02 8.0302768181787068e-02 -1.0520433206059926e-01 
-9.9094122049711353e-02 4.7902209792649440e-02 -9.8532510681524549e-02 -4.8874994251260941e-02 5.8606137669571054e-02 1.6602726693544068e-01 -3.9940861767614320e-02 -2.1634129629913668e-01 
-6.3858629791462770e-02 -4.0185668413718102e-03 2.2349856020803617e-02 -1.1605691837747263e-02 1.3305573909931048e-01 -1.2129627409394361e-01 7.1010445772633712e-02 -3.1563402410337560e-03 
-1.0234556049719537e-01 -1.1556011067353194e-02 -2.3668325163407050e-01 2.8822715023322586e-02 -9.6353788882375668e-02 -2.0116709746804023e-01 -1.2374079518759351e-01 -8.0265856820760539e-02 
-1.0290247089858580e-01 -1.1562057552365522e-01 -3.1659279129796075e-02 -1.1296760876990172e-01 1.0193308180837350e-01 1.1842544153328853e-01 5.5537223395685544e-03 -7.4348400731192643e-02 
-9.7025308124096196e-02 -3.9010162116260384e-02 1.5405238481066633e-01 2.0598442868386958e-02 6.6365342418404916e-02 1.6318812338296346e-01 -1.3357335535293965e-01 -7.0454582140099462e-02 
-1.2678628866206063e-01 -3.6121247970283300e-02 3.7018545033211198e-02 2.3312362675514319e-03 -4.3741777092873989e-02 -3.5619996014951846e-02 4.3901517648908553e-02 -1.1096441430483905e-01 
-9.9022309612583681e-02 -1.4949978448762363e-03 2.7926746376207300e-02 4.8297315606920986e-02 4.5572381297277226e-02 1.7020725597475408e-01 2.9176739716405925e-01 -7.5304148743851385e-02 
-6.5760257194191041e-02 1.4360860749348101e-02 6.5236475009529098e-03 6.8825096799908683e-02 1.3972332677663060e-01 -6.9860142596389896e-02 -1.7004836778344634e-01 -4.5826553349498422e-02 
-1.0012678096908358e-01 1.5949009389979527e-01 6.3175804384745765e-02 -9.1065745216549587e-02 -8.5153995478192371e-02 -2.2488038983241768e-02 -6.3414775118864258e-02 4.7293059076189151e-02 
-1.2124607668385229e-01 -4.7776154322070531e-02 1.0481958897207198e-01 -2.5747019236883263e-03 -6.8728422065251149e-02 -1.9856817107097996e-02 -1.5565621745692035e-01 1.1022180000264988e-01 
-6.8578798520947337e-02 1.0429635243301980e-01 3.4158727512477241e-02 3.8667708195819626e-02 1.3409494510563313e-01 1.5235376235444558e-02 -1.1387072505582538e-01 -7.4981850195329477e-02 
-1.0167272659401980e-01 -3.7094109006782602e-02 -1.2386655286293624e-01 1.7897228900934908e-01 -9.5406646082624186e-03 -7.9813039992894144e-02 4.8712418536536399e-02 -5.1339403549570978e-02 
-1.0923707735866803e-01 -4.4373891839250862e-02 -7.1454226739322363e-02 -9.1278793849765578e-03 1.8676871292128336e-01 5.2925987443629505e-03 -1.4841020426829227e-01 -1.7065270419435861e-02 
-7.5392652130839746e-02 -6.5480885288556862e-02 -1.1213180312108870e-01 1.3050433543470680e-01 -3.0688701601618150e-02 3.2480623388478708e-02 1.2993066920568778e-02 2.4207534217573712e-02 
-9.0340191248239915e-02 6.2764526745924698e-02 -9.3262619316735018e-02 -1.9844844451267343e-01 -9.3178388636210516e-03 1.3115224168676082e-01 1.7029299935665243e-01 9.4316429075581645e-02 
-1.2104536021721808e-01 -3.8927957600338056e-02 -8.9157089545958863e-03 -1.5341238742918029e-01 -8.1831380196669357e-02 5.6757020648529874e-02 2.8604836043775267e-01 -1.4963549653669470e-01 
-1.0063357696018634e-01 -1.8007143295275102e-01 6.0764160736821109e-02 1.3605541913496727e-01 -4.3462451370953600e-02 9.4420990588629586e-02 -1.5053981932839751e-02 1.9527360318524825e-03 
============================================================
-9.4439631803734636e-01 -7.9730296929975027e-03 
-1.7720043309125971e-01 4.7409343341594912e-01 
1.5314913835971616e-01 -3.2385582781788541e-01 
8.7315960597566494e-02 4.6407689498263816e-01 
-1.4494813523860664e-01 -5.7001826255451626e-01 
-3.9421512203477144e-02 -2.9097577506138128e-01 
9.6366599422982896e-02 1.2309041660291056e-01 
-1.1741518818477528e-01 1.7373230425956332e-01 
