2.1908902300206645e+01  

1.0000000000000000e+00  

4.5643546458763840e-02 
2.7386127875258304e-01 
1.3693063937629152e-01 
3.6514837167011072e-01 
7.7594028979898533e-01 
4.1079191812887456e-01 
============================================================
3.2451557774080428e+01  0.0000000000000000e+00  
0.0000000000000000e+00  9.4678299283415768e-01  

9.9949128796796161e-01  -3.1893028644916742e-02  
3.1893028644916742e-02  9.9949128796796161e-01  

4.5643546458763840e-02 6.4770891313783230e-01 
2.7386127875258304e-01 3.2088331476553167e-01 
1.3693063937629152e-01 5.1697867378891205e-01 
3.6514837167011072e-01 1.9015307541661189e-01 
7.7594028979898533e-01 -3.9813300165353005e-01 
4.1079191812887456e-01 1.2478795574215167e-01 
============================================================
