21.9089  

1  

Matrix Object: 1 MPI processes
  type: seqdense
4.5643546458763840e-02 
2.7386127875258304e-01 
1.3693063937629152e-01 
3.6514837167011072e-01 
7.7594028979898533e-01 
4.1079191812887456e-01 
============================================================
32.4516  0  
0  0.946783  

0.999491  -0.031893  
0.031893  0.999491  

Matrix Object: 1 MPI processes
  type: seqdense
4.5643546458763840e-02 6.4770891313783219e-01 
2.7386127875258304e-01 3.2088331476553161e-01 
1.3693063937629152e-01 5.1697867378891194e-01 
3.6514837167011072e-01 1.9015307541661186e-01 
7.7594028979898533e-01 -3.9813300165352999e-01 
4.1079191812887456e-01 1.2478795574215165e-01 
============================================================
srun: error: cab1: task 0: Segmentation fault (core dumped)
