Matrix Object: 1 MPI processes
  type: mpidense
2.1908902300206645e+01 
Matrix Object: 1 MPI processes
  type: mpiaij
row 0: (0, 1) 
Matrix Object: 1 MPI processes
  type: mpiaij
row 0: (0, 0.0456435) 
row 1: (0, 0.273861) 
row 2: (0, 0.136931) 
row 3: (0, 0.365148) 
row 4: (0, 0.77594) 
row 5: (0, 0.410792) 
Matrix Object: 1 MPI processes
  type: mpidense
3.2451557774080428e+01 0.0000000000000000e+00 
0.0000000000000000e+00 9.4678299283415768e-01 
Matrix Object: 1 MPI processes
  type: mpiaij
row 0: (0, 0.999491)  (1, -0.031893) 
row 1: (0, 0.031893)  (1, 0.999491) 
Matrix Object: 1 MPI processes
  type: mpidense
4.5643546458763840e-02 6.4770891313783230e-01 
2.7386127875258304e-01 3.2088331476553167e-01 
1.3693063937629152e-01 5.1697867378891194e-01 
3.6514837167011072e-01 1.9015307541661186e-01 
7.7594028979898533e-01 -3.9813300165353005e-01 
4.1079191812887456e-01 1.2478795574215167e-01 
srun: error: cab15: tasks 0-5: Segmentation fault (core dumped)
