Matrix Object: 1 MPI processes
  type: mpidense
2.1908902300206641e+01 
Matrix Object: 1 MPI processes
  type: mpiaij
row 0: (0, 1) 
Matrix Object: 1 MPI processes
  type: mpiaij
row 0: (0, 0.0456435) 
row 1: (0, 0.273861) 
row 2: (0, 0.136931) 
row 3: (0, 0.365148) 
row 4: (0, 0.77594) 
row 5: (0, 0.410792) 
Matrix Object: 1 MPI processes
  type: mpidense
3.2451557774080428e+01 0.0000000000000000e+00 
0.0000000000000000e+00 9.4678299283415690e-01 
Matrix Object: 1 MPI processes
  type: mpiaij
row 0: (0, 0.999491)  (1, -0.031893) 
row 1: (0, 0.031893)  (1, 0.999491) 
Matrix Object: 1 MPI processes
  type: mpidense
4.5643546458763846e-02 6.4770891313783230e-01 
2.7386127875258309e-01 3.2088331476553061e-01 
1.3693063937629155e-01 5.1697867378891171e-01 
3.6514837167011077e-01 1.9015307541660945e-01 
7.7594028979898544e-01 -3.9813300165353283e-01 
4.1079191812887467e-01 1.2478795574214921e-01 
srun: error: cab11: tasks 0-2: Segmentation fault (core dumped)
